074645.04+314149.3   -15.0 15.0 -50:-26,26:50 
074838.00+285059.4   -15.0 15.0 -50:-26,26:50 
075649.17+242613.1   -15.0 15.0 -50:-26,26:50 
075949.54+320023.8   -15.0 15.0 -50:-26,26:50 
080409.24+385348.8   -15.0 15.0 -50:-26,26:50 
081422.59+265410.4   -15.0 15.0 -50:-26,26:50 
083120.98+483154.4   -15.0 15.0 -50:-26,26:50 
083417.90+491439.2   -15.0 15.0 -50:-26,26:50 
083550.97+142344.3   -15.0 15.0 -50:-26,26:50 
083553.46+055317.1   -15.0 15.0 -50:-26,26:50 
084533.28+474934.5   -15.0 15.0 -50:-26,26:50 
084716.87+334858.8   -15.0 15.0 -50:-26,26:50 
085035.57+280213.7   -15.0 15.0 -50:-26,26:50 
085550.64+271824.0   -15.0 15.0 -50:-26,26:50 
085619.43+541755.8   -15.0 15.0 -50:-26,26:50 
085946.35+274534.8   -15.0 15.0 -50:-26,26:50 
080138.37+294513.2   -15.0 15.0 -50:-26,26:50 
081459.87+375654.6   -15.0 15.0 -50:-26,26:50 
082519.92+210648.6   -15.0 15.0 -50:-26,26:50 
083511.15+253117.1   -15.0 15.0 -50:-26,26:50 
083800.53+220641.2   -15.0 15.0 -50:-26,26:50 
084245.18+445533.9   -15.0 15.0 -50:-26,26:50 
085502.51+102123.4   -15.0 15.0 -50:-26,26:50 
090029.64+431937.7   -15.0 15.0 -50:-26,26:50 
090137.99+532051.2   -15.0 15.0 -50:-26,26:50 
090427.29+374357.4   -15.0 15.0 -50:-26,26:50 
090654.47+391455.3   -15.0 15.0 -50:-26,26:50 
091848.61+211717.0   -15.0 15.0 -50:-26,26:50 
092309.87+453046.4   -15.0 15.0 -50:-26,26:50 
093302.68+385228.0   -15.0 15.0 -40:-16,16:40
093612.24+514810.2   -15.0 15.0 -50:-26,26:50 
093658.16+192956.9   -15.0 15.0 -50:-26,26:50 
094354.84+061812.5   -15.0 15.0 -50:-26,26:50 
094422.13+103739.8   -15.0 15.0 -50:-26,26:50 
090408.01+282903.6   -15.0 15.0 -50:-26,26:50 
090437.00+434927.4   -15.0 15.0 -50:-26,26:50 
091146.06+403501.0   -15.0 15.0 -50:-26,26:50 
091602.61+210616.9   -15.0 15.0 -50:-26,26:50 
091624.11+440917.2   -15.0 15.0 -50:-26,26:50 
092435.15+472231.2   -15.0 15.0 -50:-26,26:50 
092631.20+450642.9   -15.0 15.0 -50:-26,26:50 
092813.65+421430.4   -15.0 15.0 -50:-26,26:50 
093039.93+195119.2   -15.0 15.0 -50:-26,26:50 
093400.48+365633.2   -15.0 15.0 -50:-26,26:50 
093652.74+014328.0   -15.0 15.0 -50:-26,26:50 
094832.41+421812.7   -15.0 15.0 -50:-26,26:50 
094943.34+000536.2   -15.0 15.0 -50:-26,26:50 
095119.67+572611.2   -15.0 15.0 -50:-26,26:50 
100055.71+314001.2   -15.0 15.0 -50:-26,26:50 
100420.13+051300.4   -15.0 15.0 -50:-26,26:50 
100627.94+603043.6   -15.0 15.0 -50:-26,26:50 
101000.68+300321.5   -15.0 15.0 -50:-26,26:50 
101314.86-005233.5   -15.0 15.0 -50:-26,26:50 
101641.90+081848.8   -15.0 15.0 -50:-26,26:50 
102339.64+523349.6   -15.0 15.0 -50:-26,26:50 
102745.84+051558.9   -15.0 15.0 -50:-26,26:50 
103424.64+055917.3   -15.0 15.0 -50:-26,26:50 
103457.28-010209.0   -15.0 15.0 -50:-26,26:50 
104041.50+600239.3   -15.0 15.0 -50:-26,26:50 
104241.27+250122.8   -15.0 15.0 -50:-26,26:50 
105752.69+105037.9   -15.0 15.0 -50:-26,26:50 
105916.52+382136.9   -15.0 15.0 -50:-26,26:50 
100919.20+054116.7   -15.0 15.0 -50:-26,26:50 
101109.90+473556.9   -15.0 15.0 -50:-26,26:50 
101557.32+614715.1   -15.0 15.0 -50:-26,26:50 
101652.89+523510.2   -15.0 15.0 -50:-26,26:50 
102343.94+295752.0   -15.0 15.0 -50:-26,26:50 
102517.88+561041.1   -15.0 15.0 -50:-26,26:50 
102820.75+022613.1   -15.0 15.0 -50:-26,26:50 
103628.88+404259.0   -15.0 15.0 -50:-26,26:50 
103645.27+104943.2   -15.0 15.0 -50:-26,26:50 
104049.53+110412.6   -15.0 15.0 -50:-26,26:50 
104539.12+532426.8   -15.0 15.0 -50:-26,26:50 
104916.84+624052.4   -15.0 15.0 -50:-26,26:50 
105350.17+143200.8   -15.0 15.0 -50:-26,26:50 
105639.43+575721.4   -15.0 15.0 -50:-26,26:50 
hilt600              -15.0 15.0 -50:-26,26:50
feige56              -15.0 15.0 -50:-26,26:50
hr4468               -15.0 15.0 -50:-26,26:50
IZW1                 -15.0 15.0 -50:-26,26:50
izw1cmp              -15.0 15.0 -50:-26,26:50
Akn564               -15.0 15.0 -50:-26,26:50
hr8634               -15.0 15.0 -50:-26,26:50
PHL1811              -15.0 15.0 -50:-26,26:50
hr718                -15.0 15.0 -50:-26,26:50
k1                   -15.0 15.0 -50:-26,26:50
074704.43+483833.3   -15.0 15.0 -50:-26,26:50  
080131.58+354436.4   -15.0 15.0 -50:-26,26:50 
080101.41+184840.8   -15.0 15.0 -50:-26,26:50 
SDSSJ081441+212918   -15.0 15.0 -50:-26,26:50 
074352.02+271239.5   -15.0 15.0 -50:-26,26:50  
100402.61+285535.3   -15.0 15.0 -50:-26,26:50 
075051.72+245409.3   -15.0 15.0 -50:-26,26:50 
092247.03+512038.0   -15.0 15.0 -50:-26,26:50 
feige66              -15.0 15.0 -50:-26,26:50     
NGC5548              -15.0 15.0 -50:-26,26:50 
B31702+457           -15.0 15.0 -50:-26,26:50       
hr5191               -15.0 15.0 -50:-26,26:50        
Mrk896               -15.0 15.0 -50:-26,26:50        
PG2130               -15.0 15.0 -50:-26,26:50      
Kaz320               -15.0 15.0 -50:-26,26:50       
PG2233+134           -15.0 15.0 -50:-26,26:50          
hr5501               -15.0 15.0 -50:-26,26:50     
BD+25d4655           -15.0 15.0 -50:-26,26:50              
hr9087               -15.0 15.0 -50:-26,26:50         
k2                   -15.0 15.0 -50:-26,26:50          
BD+284211            -15.0 15.0 -50:-26,26:50        
hr1544               -15.0 15.0 -50:-26,26:50        
090423.31+400704.6   -15.0 15.0 -50:-26,26:50         
085706.35+190853.5   -15.0 15.0 -50:-26,26:50         
Catalina             -15.0 15.0 -50:-26,26:50       
hd93521              -15.0 15.0 -50:-26,26:50 
hr7596               -15.0 15.0 -50:-26,26:50      
pds456               -15.0 15.0 -50:-26,26:50    
bd082015             -15.0 15.0 -50:-26,26:50     
bd33d2642            -15.0 15.0 -50:-26,26:50     
bd404032             -15.0 15.0 -50:-26,26:50  
075101.42+291419.1   -15.0 15.0 -50:-26,26:50
093653.84+533126.8   -15.0 15.0 -50:-26,26:50
094603.94+013923.6   -15.0 15.0 -50:-26,26:50
PG1211+143           -15.0 15.0 -50:-26,26:50
PG1226+023           -15.0 15.0 -50:-26,26:50
