074645.04+314149.3  074645.04+314149.3
074838.00+285059.4  074838.00+285059.4
075649.17+242613.1  075649.17+242613.1
075949.54+320023.8  075949.54+320023.8
080409.24+385348.8  080409.24+385348.8
081422.59+265410.4  081422.59+265410.4
083120.98+483154.4  083120.98+483154.4
083417.90+491439.2  083417.90+491439.2
083550.97+142344.3  083550.97+142344.3
083553.46+055317.1  083553.46+055317.1
084533.28+474934.5  084533.28+474934.5
084716.87+334858.8  084716.87+334858.8
085035.57+280213.7  085035.57+280213.7
085550.64+271824.0  085550.64+271824.0
085619.43+541755.8  085619.43+541755.8
085946.35+274534.8  085946.35+274534.8
080138.37+294513.2  080138.37+294513.2
081459.87+375654.6  081459.87+375654.6
082519.92+210648.6  082519.92+210648.6
083511.15+253117.1  083511.15+253117.1
083800.53+220641.2  083800.53+220641.2
084245.18+445533.9  084245.18+445533.9
085502.51+102123.4  085502.51+102123.4
090029.64+431937.7  090029.64+431937.7
090137.99+532051.2  090137.99+532051.2
090427.29+374357.4  090427.29+374357.4
090654.47+391455.3  090654.47+391455.3
091848.61+211717.0  091848.61+211717.0
092309.87+453046.4  092309.87+453046.4
093302.68+385228.0  093302.68+385228.0
093612.24+514810.2  093612.24+514810.2
093658.16+192956.9  093658.16+192956.9
094354.84+061812.5  094354.84+061812.5
094422.13+103739.8  094422.13+103739.8
090408.01+282903.6  090408.01+282903.6
090437.00+434927.4  090437.00+434927.4
091146.06+403501.0  091146.06+403501.0
091602.61+210616.9  091602.61+210616.9
091624.11+440917.2  091624.11+440917.2
092435.15+472231.2  092435.15+472231.2
092631.20+450642.9  092631.20+450642.9
092813.65+421430.4  092813.65+421430.4
093039.93+195119.2  093039.93+195119.2
093400.48+365633.2  093400.48+365633.2
093652.74+014328.0  093652.74+014328.0
094832.41+421812.7  094832.41+421812.7
094943.34+000536.2  094943.34+000536.2
095119.67+572611.2  095119.67+572611.2
100055.71+314001.2  100055.71+314001.2
100420.13+051300.4  100420.13+051300.4
100627.94+603043.6  100627.94+603043.6
101000.68+300321.5  101000.68+300321.5
101314.86-005233.5  101314.86-005233.5
101641.90+081848.8  101641.90+081848.8
102339.64+523349.6  102339.64+523349.6
102745.84+051558.9  102745.84+051558.9
103424.64+055917.3  103424.64+055917.3
103457.28-010209.0  103457.28-010209.0
104041.50+600239.3  104041.50+600239.3
104241.27+250122.8  104241.27+250122.8
105752.69+105037.9  105752.69+105037.9
105916.52+382136.9  105916.52+382136.9
100919.20+054116.7  100919.20+054116.7
101109.90+473556.9  101109.90+473556.9
101557.32+614715.1  101557.32+614715.1
101652.89+523510.2  101652.89+523510.2
102343.94+295752.0  102343.94+295752.0
102517.88+561041.1  102517.88+561041.1
102820.75+022613.1  102820.75+022613.1
103628.88+404259.0  103628.88+404259.0
103645.27+104943.2  103645.27+104943.2
104049.53+110412.6  104049.53+110412.6
104539.12+532426.8  104539.12+532426.8
104916.84+624052.4  104916.84+624052.4
105350.17+143200.8  105350.17+143200.8
105639.43+575721.4  105639.43+575721.4
hilt600 hilt600
IZW1 IZW1
Akn564 Akn564
Hilt600 hilt600
