074645.04+314149.3    07:46:45.04 +31:41:49.3
074838.00+285059.4    07:48:38.00 +28:50:59.4
075649.17+242613.1    07:56:49.17 +24:26:13.1
075949.54+320023.8    07:59:49.54 +32:00:23.8
080409.24+385348.8    08:04:09.24 +38:53:48.8
081422.59+265410.4    08:14:22.59 +26:54:10.4
083120.98+483154.4    08:31:20.98 +48:31:54.4
083417.90+491439.2    08:34:17.90 +49:14:39.2
083550.97+142344.3    08:35:50.97 +14:23:44.3
083553.46+055317.1    08:35:53.46 +05:53:17.1
084533.28+474934.5    08:45:33.28 +47:49:34.5
084716.87+334858.8    08:47:16.87 +33:48:58.8
085035.57+280213.7    08:50:35.57 +28:02:13.7
085550.64+271824.0    08:55:50.64 +27:18:24.0
085619.43+541755.8    08:56:19.43 +54:17:55.8
085946.35+274534.8    08:59:46.35 +27:45:34.8
080138.37+294513.2    08:01:38.37 +29:45:13.2
081459.87+375654.6    08:14:59.87 +37:56:54.6
082519.92+210648.6    08:25:19.92 +21:06:48.6
083511.15+253117.1    08:35:11.15 +25:31:17.1
083800.53+220641.2    08:38:00.53 +22:06:41.2
084245.18+445533.9    08:42:45.18 +44:55:33.9
085502.51+102123.4    08:55:02.51 +10:21:23.4
090029.64+431937.7    09:00:29.64 +43:19:37.7
090137.99+532051.2    09:01:37.99 +53:20:51.2
090427.29+374357.4    09:04:27.29 +37:43:57.4
090654.47+391455.3    09:06:54.47 +39:14:55.3
091848.61+211717.0    09:18:48.61 +21:17:17.0
092309.87+453046.4    09:23:09.87 +45:30:46.4
093302.68+385228.0    09:33:02.68 +38:52:28.0
093612.24+514810.2    09:36:12.24 +51:48:10.2
093658.16+192956.9    09:36:58.16 +19:29:56.9
094354.84+061812.5    09:43:54.84 +06:18:12.5
094422.13+103739.8    09:44:22.13 +10:37:39.8
090408.01+282903.6    09:04:08.01 +28:29:03.6
090437.00+434927.4    09:04:37.00 +43:49:27.4
091146.06+403501.0    09:11:46.06 +40:35:01.0
091602.61+210616.9    09:16:02.61 +21:06:16.9
091624.11+440917.2    09:16:24.11 +44:09:17.2
092435.15+472231.2    09:24:35.15 +47:22:31.2
092631.20+450642.9    09:26:31.20 +45:06:42.9
092813.65+421430.4    09:28:13.65 +42:14:30.4
093039.93+195119.2    09:30:39.93 +19:51:19.2
093400.48+365633.2    09:34:00.48 +36:56:33.2
093652.74+014328.0    09:36:52.74 +01:43:28.0
094832.41+421812.7    09:48:32.41 +42:18:12.7
094943.34+000536.2    09:49:43.34 +00:05:36.2
095119.67+572611.2    09:51:19.67 +57:26:11.2
100055.71+314001.2    10:00:55.71 +31:40:01.2
100420.13+051300.4    10:04:20.13 +05:13:00.4
100627.94+603043.6    10:06:27.94 +60:30:43.6
101000.68+300321.5    10:10:00.68 +30:03:21.5
101314.86-005233.5    10:13:14.86 -00:52:33.5
101641.90+081848.8    10:16:41.90 +08:18:48.8
102339.64+523349.6    10:23:39.64 +52:33:49.6
102745.84+051558.9    10:27:45.84 +05:15:58.9
103424.64+055917.3    10:34:24.64 +05:59:17.3
103457.28-010209.0    10:34:57.28 -01:02:09.0
104041.50+600239.3    10:40:41.50 +60:02:39.3
104241.27+250122.8    10:42:41.27 +25:01:22.8
105752.69+105037.9    10:57:52.69 +10:50:37.9
105916.52+382136.9    10:59:16.52 +38:21:36.9
100919.20+054116.7    10:09:19.20 +05:41:16.7
101109.90+473556.9    10:11:09.90 +47:35:56.9
101557.32+614715.1    10:15:57.32 +61:47:15.1
101652.89+523510.2    10:16:52.89 +52:35:10.2
102343.94+295752.0    10:23:43.94 +29:57:52.0
102517.88+561041.1    10:25:17.88 +56:10:41.1
102820.75+022613.1    10:28:20.75 +02:26:13.1
103628.88+404259.0    10:36:28.88 +40:42:59.0
103645.27+104943.2    10:36:45.27 +10:49:43.2
104049.53+110412.6    10:40:49.53 +11:04:12.6
104539.12+532426.8    10:45:39.12 +53:24:26.8
104916.84+624052.4    10:49:16.84 +62:40:52.4
105350.17+143200.8    10:53:50.17 +14:32:00.8
105639.43+575721.4    10:56:39.43 +57:57:21.4
hilt600 06:45:13.37 +02:08:14.7
feige56 12:06:47.25  +11:40:12.7
hr4468 11:36:40.91  -09:48:08.2
IZW1    00:53:34.94  +12:41:36.2
izw1cmp 00:53:34.94  +12:41:36.2
Akn564  22:42:39.35  +29:43:31.3
hr8634  22:41:27.64  +10:49:53.2
PHL1811 21:55:01.51 -09:22:24.3
hr718     02:28:09.54 +08:27:36.2
k1 05:16:11.42  -00:08:59.4
074704.43+483833.3 07:47:04.43 +48:38:33.3
080131.58+354436.4 08:01:31.58 +35:44:36.4
080101.41+184840.8 08:01:01.41 +18:48:40.8
SDSSJ081441+212918 08:14:41.91 +21:29:18.5
074352.02+271239.5  07:43:52.02  +27:12:39.5
100402.61+285535.3  10:04:02.61  +28:55:35.3
075051.72+245409.3  07:50:51.72  +24:54:09.3
092247.03+512038.0  09:22:47.03  +51:20:38.0
feige66 12:37:23.55  +25:04:00.3
NGC5548 14:17:59.53  +25:08:12.4
B31702+457  17:03:30.383  +45:40:47.17
hr5191  13:47:32.44  +49:18:47.8
Mrk896  20:46:20.869 -02:48:45.28
PG2130  21:32:27.81  +10:08:19.17
Kaz320  22:59:32.900  +24:55:05.60
PG2233+134  22:36:07.700  +13:43:55.00
hr5501  14:45:30.25  +00:43:02.7
BD+25d4655 21:59:42.02 +26:25:58.1
hr9087  00:01:49.42  -03:01:39.0
k2      23:03:15.62  +08:52:26.4
BD+284211   21:51:11.07  +28:51:51.8
hr1544  04:50:36.69  +08:54:00.7
090423.31+400704.6  09:04:23.31  +40:07:04.6
085706.35+190853.5  08:57:06.35  +19:08:53.5
Catalina            14:13:30.50  +19:57:45.00
hd93521    10:48:23.51  +37:34:12.8
hr7596     19:54:44.80  +00:16:24.6
pds456  17:28:19.8  -14:15:56
bd082015   08:15:42.4  +07:37:14
bd33d2642 15:51:59.86  +32:56:54.8
bd404032    20:08:24.3    +41:15:03
075101.42+291419.1  07:51:01.42  +29:14:19.14
093653.84+533126.8  09:36:53.84  +53:31:26.8
094603.94+013923.6  09:46:03.94  +01:39:23.6
PG1211+143          12:14:17.7   +14:03:13
PG1226+023          12:29:06.7   +02:03:09
MCG+06-26-012       11:39:13.9   +33:55:51
Mrk493              15:59:09.62  +35:01:47.5
hr4963              13:09:56.96  -05:32:20.5
PG1411+442          14:13:48.3   +44:00:14
SDSS120226.75       12:02:2.75   -01:29:27.3
PG1543+489          15:45:30.2   +48:46:09
PG1700+518          17:01:24.8   +51:49:20
LDS749B             21:32:15.5   +00:15:11
PG1444+407          14:46:45.9   +40:35:06
MCG5-40-026         17:01:07.8   +29:24:24.6
MASJ08005           08:00:05.7   +36:44:36.4
