074645.04+314149.3  074645.04+314149.3
074838.00+285059.4  074838.00+285059.4
075649.17+242613.1  075649.17+242613.1
075949.54+320023.8  075949.54+320023.8
080409.24+385348.8  080409.24+385348.8
081422.59+265410.4  081422.59+265410.4
083120.98+483154.4  083120.98+483154.4
083417.90+491439.2  083417.90+491439.2
083550.97+142344.3  083550.97+142344.3
083553.46+055317.1  083553.46+055317.1
084533.28+474934.5  084533.28+474934.5
084716.87+334858.8  084716.87+334858.8
085035.57+280213.7  085035.57+280213.7
085550.64+271824.0  085550.64+271824.0
085619.43+541755.8  085619.43+541755.8
085946.35+274534.8  085946.35+274534.8
080138.37+294513.2  080138.37+294513.2
081459.87+375654.6  081459.87+375654.6
082519.92+210648.6  082519.92+210648.6
083511.15+253117.1  083511.15+253117.1
083800.53+220641.2  083800.53+220641.2
084245.18+445533.9  084245.18+445533.9
085502.51+102123.4  085502.51+102123.4
090029.64+431937.7  090029.64+431937.7
090137.99+532051.2  090137.99+532051.2
090427.29+374357.4  090427.29+374357.4
090654.47+391455.3  090654.47+391455.3
091848.61+211717.0  091848.61+211717.0
092309.87+453046.4  092309.87+453046.4
093302.68+385228.0  093302.68+385228.0
093612.24+514810.2  093612.24+514810.2
093658.16+192956.9  093658.16+192956.9
094354.84+061812.5  094354.84+061812.5
094422.13+103739.8  094422.13+103739.8
090408.01+282903.6  090408.01+282903.6
090437.00+434927.4  090437.00+434927.4
091146.06+403501.0  091146.06+403501.0
091602.61+210616.9  091602.61+210616.9
091624.11+440917.2  091624.11+440917.2
092435.15+472231.2  092435.15+472231.2
092631.20+450642.9  092631.20+450642.9
092813.65+421430.4  092813.65+421430.4
093039.93+195119.2  093039.93+195119.2
093400.48+365633.2  093400.48+365633.2
093652.74+014328.0  093652.74+014328.0
094832.41+421812.7  094832.41+421812.7
094943.34+000536.2  094943.34+000536.2
095119.67+572611.2  095119.67+572611.2
100055.71+314001.2  100055.71+314001.2
100420.13+051300.4  100420.13+051300.4
100627.94+603043.6  100627.94+603043.6
101000.68+300321.5  101000.68+300321.5
101314.86-005233.5  101314.86-005233.5
101641.90+081848.8  101641.90+081848.8
102339.64+523349.6  102339.64+523349.6
102745.84+051558.9  102745.84+051558.9
103424.64+055917.3  103424.64+055917.3
103457.28-010209.0  103457.28-010209.0
104041.50+600239.3  104041.50+600239.3
104241.27+250122.8  104241.27+250122.8
105752.69+105037.9  105752.69+105037.9
105916.52+382136.9  105916.52+382136.9
100919.20+054116.7  100919.20+054116.7
101109.90+473556.9  101109.90+473556.9
101557.32+614715.1  101557.32+614715.1
101652.89+523510.2  101652.89+523510.2
102343.94+295752.0  102343.94+295752.0
102517.88+561041.1  102517.88+561041.1
102820.75+022613.1  102820.75+022613.1
103628.88+404259.0  103628.88+404259.0
103645.27+104943.2  103645.27+104943.2
104049.53+110412.6  104049.53+110412.6
104539.12+532426.8  104539.12+532426.8
104916.84+624052.4  104916.84+624052.4
105350.17+143200.8  105350.17+143200.8
105639.43+575721.4  105639.43+575721.4
hilt600    hilt600
064513     hilt600
Hlit600    hilt600
Hilt600+   hilt600
Hilt600+G3 hilt600
Hilkt600   hilt600
Hilt       hilt600
HR4468     hr4468
IZW1       IZW1
izw1       IZW1
IZW1cmp    izw1cmp
Akn564     Akn564
AKn564     Akn564
Hilt600    hilt600
HR8634     hr8634
PHR1811    PHL1811
PHL1811    PHL1811
phl1811    PHL1811
PHl1811    PHL1811
ph1811     PHL1811
HR718      hr718
K1         k1
4l02       074704.43+483833.3
075949     075949.54+320023.8
085550     085550.64+271824.0
093302     093302.68+385228.0
HILT600    hilt600
102339     102339.64+523349.6
Feige56    feige56
FEIGE56    feige56
feige34    feige34
Feige34    feige34
085946     085946.35+274534.8
084533     084533.28+474934.5
080131     080131.58+354436.4
LL23       093302.68+385228.0
074838     074838.00+285059.4
105916     105916.52+382136.9
LL04       075949.54+320023.8
ll04       075949.54+320023.8
LLXX       080101.41+184840.8
4L02       074704.43+483833.3
104241     104241.27+250122.8
081441     SDSSJ081441+212918
81441      SDSSJ081441+212918
13L04      SDSSJ081441+212918
4L01       074352.02+271239.5
4l01       074352.02+271239.5
4l09       090137.99+532051.2
4L14       100402.61+285535.3
4l14       100402.61+285535.3
4l14+slit5.05 100402.61+285535.3
4114       100402.61+285535.3
4l03       075051.72+245409.3
4L03       075051.72+245409.3
4L03slit5.05+G3  075051.72+245409.3
4l12       092247.03+512038.0
J075949    075949.54+320023.8
Feige66    feige66
NGC5548    NGC5548
MGC5548    NGC5548
100055     100055.71+314001.2
ARK564     Akn564
B31702+457 B31702+457
B31702     B31702+457
HR5191     hr5191
Mrk896     Mrk896
PG2130     PG2130
KAZ320     Kaz320
PG2233+134 PG2233+134
PG2130+099 PG2130
PG2233     PG2233+134
HR5501     hr5501
005334     IZW1
IZw1       IZW1
Pg2233+134 PG2233+134
Hr8634     hr8634
BD+25d4655 BD+25d4655
BD+25      BD+25d4655
HR9087     hr9087
K2         k2
BD+284211  BD+284211
HR1544     hr1544
k1         k1
ll23       093302.68+385228.0
4L09       090137.99+532051.2
4L06       083553.46+055317.1
Catalina   Catalina
catalina   Catalina
Catolina   Catolina
4l06       083553.46+055317.1
4L10       090423.31+400704.6
4L08       085706.35+190853.5
4l08       085706.35+190853.5
4L16       101000.68+300321.5
4l16       101000.68+300321.5
HD93521     hd93521
hd93521     hd93521
HD935231    hd93521
hd93821     hd93521
H993521     hd93521
Hd93521     hd93521
hr7596      hr7596
HR7596      hr7596
pds456      pds456
PDS456      pds456
BD+08d2015  bd082015
BD+33d2642  bd33d2642
Bd+33d2642  bd33d2642
BD+40d4032  bd404032
l11         084533.28+474934.5
L11         084533.28+474934.5
14l11       084533.28+474934.5
14L11       084533.28+474934.5
13L01       075101.42+291419.1
13l01       075101.42+291419.1
a1          093653.84+533126.8
0936        093653.84+533126.8
a2          094603.94+013923.6
PG1211+143  PG1211+143
PG1211      PG1211+143
pg1211+143  PG1211+143
PG1211+143+G14+G14  PG1211+143
Pg1211+143  PG1211+143
PG1226+023  PG1226+023
PG11226+023 PG1226+023
pg1226+023  PG1226+023
PG1226      PG1226+023
PG1266+023  PG1226+023
PG12216+023 PG1226+023
J1536       J1536
MCG+06-26-012 MCG+06-26-012
MCG+06        MCG+06-26-012
MCG+06-26     MCG+06-26-012
mcg+06        MCG+06-26-012
Mcg+06        MCG+06-26-012
Mrk493      Mrk493
MRK493      Mrk493
mark493     Mrk493
Mark493     Mrk493
hr4963      hr4963
HR4963      hr4963
PG1411      PG1411+442
pg1411+442  PG1411+442
PG1411+442  PG1411+442
pj1411      PG1411+442
Pg1411+442  PG1411+442
sdss1202    SDSS120226.75
SDSS        SDSS120226.75
PG1543+489  PG1543+489
PG1700+518  PG1700+518
PG1444+407  PG1444+407
LDS749B     LDS749B
MCG5        MCG5-40-026
MASJ08005   MASJ08005
17L01       082338.48+592648.5
PG0923+201  PG0923+201
PG1022+519  PG1022+519
PG1001+054  PG1001+054
PG1012+008  PG1012+008
17L02       083525.38+513829.7
17L03       083826.25+253010.8
17L05       085557.12+561534.7
17L12       101730.20+473959.9
