hr718      hr718      4.28  V
hilt600    hilt600   10.44  V
hilkt600   hilt600   10.44  V
064513     hilt600   10.44  V
hilt       hilt600   10.44  V
hlit600    hilt600   10.44  V
feige56    feige56   11.06  V
hr3454     hr3454     4.30  V
hr5191     hr5191     1.86  V
hr8634     hr8634     3.40  V
hz15       hz15      12.59  V
feige66    feige66   10.51  V
feige110   feige110  11.83  V
fiege110   feige110  11.83  V
hr5501     hr5501     5.68  V
hr9087     hr9087     5.12  V
bd+25d4655 bd25d4655  9.76  V
bd25d4655  bd25d4655  9.76  V
bd+25      bd25d4655  9.76  V
hr1544     hr1544     4.36  V
bd28d4211  bd28d4211 10.51  V
bd+284211  bd28d4211 10.51  V
hd93521    hd93521    7.04  V
hd93821    hd93521    7.04  V
h993521    hd93521    7.04  V
hd935231   hd93521    7.04  V
h93521     hd93521    7.04  V
hr7596     hr7596     5.62  V
bd+08d2015 bd082015  10.39  V
bd33d2642  bd33d2642 10.83  V
bd+33d2642 bd33d2642 10.83  V
hr4468     hr4468     4.7   V
izw1cmp    izw1cmp10 13.60  V
bd+40d4032 bd404032  10.45  V
hr4963     hr4963     4.38  V
feige34    feige34    11.18	V
bd75d325   bd75d325   9.55  V
BD+75D325  bd75d325   9.55  V
